2025-07-05 19:10:21,968 INFO o.a.j.u.JMeterUtils: Setting Locale to en_EN
2025-07-05 19:10:22,020 INFO o.a.j.JMeter: Loading user properties from: /opt/apache-jmeter-5.6.2/bin/user.properties
2025-07-05 19:10:22,021 INFO o.a.j.JMeter: Loading system properties from: /opt/apache-jmeter-5.6.2/bin/system.properties
2025-07-05 19:10:22,025 INFO o.a.j.JMeter: Copyright (c) 1998-2023 The Apache Software Foundation
2025-07-05 19:10:22,025 INFO o.a.j.JMeter: Version 5.6.2
2025-07-05 19:10:22,026 INFO o.a.j.JMeter: java.version=11.0.27
2025-07-05 19:10:22,026 INFO o.a.j.JMeter: java.vm.name=OpenJDK 64-Bit Server VM
2025-07-05 19:10:22,085 INFO o.a.j.JMeter: os.name=Linux
2025-07-05 19:10:22,085 INFO o.a.j.JMeter: os.arch=amd64
2025-07-05 19:10:22,086 INFO o.a.j.JMeter: os.version=5.15.167.4-microsoft-standard-WSL2
2025-07-05 19:10:22,086 INFO o.a.j.JMeter: file.encoding=ANSI_X3.4-1968
2025-07-05 19:10:22,086 INFO o.a.j.JMeter: java.awt.headless=null
2025-07-05 19:10:22,086 INFO o.a.j.JMeter: Max memory     =1073741824
2025-07-05 19:10:22,087 INFO o.a.j.JMeter: Available Processors =12
2025-07-05 19:10:22,093 INFO o.a.j.JMeter: Default Locale=English (EN)
2025-07-05 19:10:22,094 INFO o.a.j.JMeter: JMeter  Locale=English (EN)
2025-07-05 19:10:22,094 INFO o.a.j.JMeter: JMeterHome=/opt/apache-jmeter-5.6.2
2025-07-05 19:10:22,094 INFO o.a.j.JMeter: user.dir  =/ansible/shared_data
2025-07-05 19:10:22,094 INFO o.a.j.JMeter: PWD       =/ansible/shared_data
2025-07-05 19:10:22,095 INFO o.a.j.JMeter: IP: 172.23.0.18 Name: 4eaf543a9c6f FullName: 4eaf543a9c6f
